#! /usr/bin/vvp
:ivl_version "10.3 (stable)";
:ivl_delay_selection "TYPICAL";
:vpi_time_precision + 0;
:vpi_module "system";
:vpi_module "vhdl_sys";
:vpi_module "v2005_math";
:vpi_module "va_math";
S_0x564cf636b1b0 .scope module, "PE_FSM" "PE_FSM" 2 1;
 .timescale 0 0;
    .port_info 0 /INPUT 1 "clk"
    .port_info 1 /INPUT 1 "rst_n"
    .port_info 2 /INPUT 1 "start_conv"
    .port_info 3 /INPUT 1 "start_again"
    .port_info 4 /INPUT 2 "cfg_ci"
    .port_info 5 /INPUT 2 "cfg_co"
    .port_info 6 /OUTPUT 1 "ifm_read"
    .port_info 7 /OUTPUT 1 "wgt_read"
    .port_info 8 /OUTPUT 1 "p_valid_output"
    .port_info 9 /OUTPUT 1 "last_chanel_output"
    .port_info 10 /OUTPUT 1 "end_conv"
P_0x564cf6399da0 .param/l "FINISH" 0 2 49, C4<100>;
P_0x564cf6399de0 .param/l "IDLE" 0 2 46, C4<000>;
P_0x564cf6399e20 .param/l "S1" 0 2 47, C4<001>;
P_0x564cf6399e60 .param/l "S2" 0 2 48, C4<010>;
P_0x564cf6399ea0 .param/l "kernel_size" 0 2 1, +C4<00000000000000000000000000000101>;
P_0x564cf6399ee0 .param/l "tile_length" 0 2 1, +C4<00000000000000000000000000010000>;
o0x7f0d1e2b5018 .functor BUFZ 2, C4<zz>; HiZ drive
v0x564cf637f590_0 .net "cfg_ci", 1 0, o0x7f0d1e2b5018;  0 drivers
o0x7f0d1e2b5048 .functor BUFZ 2, C4<zz>; HiZ drive
v0x564cf63903e0_0 .net "cfg_co", 1 0, o0x7f0d1e2b5048;  0 drivers
v0x564cf63904b0_0 .var "ci", 5 0;
o0x7f0d1e2b50a8 .functor BUFZ 1, C4<z>; HiZ drive
v0x564cf6394800_0 .net "clk", 0 0, o0x7f0d1e2b50a8;  0 drivers
v0x564cf63948d0_0 .var "cnt1", 5 0;
v0x564cf6396b20_0 .var "cnt2", 4 0;
v0x564cf6396bc0_0 .var "cnt3", 8 0;
v0x564cf63cc580_0 .var "co", 5 0;
v0x564cf63cc660_0 .var "current_state", 2 0;
v0x564cf63cc740_0 .var "end_conv", 0 0;
v0x564cf63cc800_0 .var "ifm_read", 0 0;
v0x564cf63cc8c0_0 .var "last_chanel", 0 0;
v0x564cf63cc980_0 .var "last_chanel_i", 2 0;
v0x564cf63cca60_0 .var "last_chanel_output", 0 0;
v0x564cf63ccb20_0 .var "next_state", 2 0;
v0x564cf63ccc00_0 .var "p_valid", 0 0;
v0x564cf63cccc0_0 .var "p_valid_i", 2 0;
v0x564cf63cceb0_0 .var "p_valid_output", 0 0;
o0x7f0d1e2b5378 .functor BUFZ 1, C4<z>; HiZ drive
v0x564cf63ccf70_0 .net "rst_n", 0 0, o0x7f0d1e2b5378;  0 drivers
o0x7f0d1e2b53a8 .functor BUFZ 1, C4<z>; HiZ drive
v0x564cf63cd030_0 .net "start_again", 0 0, o0x7f0d1e2b53a8;  0 drivers
o0x7f0d1e2b53d8 .functor BUFZ 1, C4<z>; HiZ drive
v0x564cf63cd0f0_0 .net "start_conv", 0 0, o0x7f0d1e2b53d8;  0 drivers
v0x564cf63cd1b0_0 .var "wgt_read", 0 0;
E_0x564cf63a0c40/0 .event negedge, v0x564cf63ccf70_0;
E_0x564cf63a0c40/1 .event posedge, v0x564cf6394800_0;
E_0x564cf63a0c40 .event/or E_0x564cf63a0c40/0, E_0x564cf63a0c40/1;
E_0x564cf63a0e60/0 .event edge, v0x564cf6396b20_0, v0x564cf63948d0_0, v0x564cf63cd030_0, v0x564cf63cd0f0_0;
E_0x564cf63a0e60/1 .event edge, v0x564cf63cc660_0;
E_0x564cf63a0e60 .event/or E_0x564cf63a0e60/0, E_0x564cf63a0e60/1;
    .scope S_0x564cf636b1b0;
T_0 ;
    %wait E_0x564cf63a0c40;
    %load/vec4 v0x564cf63ccf70_0;
    %nor/r;
    %flag_set/vec4 8;
    %jmp/0xz  T_0.0, 8;
    %pushi/vec4 0, 0, 3;
    %assign/vec4 v0x564cf63cc660_0, 0;
    %jmp T_0.1;
T_0.0 ;
    %load/vec4 v0x564cf63ccb20_0;
    %assign/vec4 v0x564cf63cc660_0, 0;
T_0.1 ;
    %jmp T_0;
    .thread T_0;
    .scope S_0x564cf636b1b0;
T_1 ;
    %wait E_0x564cf63a0c40;
    %load/vec4 v0x564cf63ccf70_0;
    %nor/r;
    %flag_set/vec4 8;
    %jmp/0xz  T_1.0, 8;
    %pushi/vec4 0, 0, 6;
    %assign/vec4 v0x564cf63904b0_0, 0;
    %pushi/vec4 0, 0, 6;
    %assign/vec4 v0x564cf63cc580_0, 0;
    %jmp T_1.1;
T_1.0 ;
    %load/vec4 v0x564cf63cd0f0_0;
    %flag_set/vec4 8;
    %jmp/0xz  T_1.2, 8;
    %load/vec4 v0x564cf637f590_0;
    %pad/u 6;
    %addi 1, 0, 6;
    %ix/load 4, 3, 0;
    %flag_set/imm 4, 0;
    %shiftl 4;
    %assign/vec4 v0x564cf63904b0_0, 0;
    %load/vec4 v0x564cf63903e0_0;
    %pad/u 6;
    %addi 1, 0, 6;
    %ix/load 4, 3, 0;
    %flag_set/imm 4, 0;
    %shiftl 4;
    %assign/vec4 v0x564cf63cc580_0, 0;
T_1.2 ;
T_1.1 ;
    %jmp T_1;
    .thread T_1;
    .scope S_0x564cf636b1b0;
T_2 ;
    %wait E_0x564cf63a0e60;
    %pushi/vec4 7, 7, 3;
    %store/vec4 v0x564cf63ccb20_0, 0, 3;
    %load/vec4 v0x564cf63cc660_0;
    %dup/vec4;
    %pushi/vec4 0, 0, 3;
    %cmp/u;
    %jmp/1 T_2.0, 6;
    %dup/vec4;
    %pushi/vec4 1, 0, 3;
    %cmp/u;
    %jmp/1 T_2.1, 6;
    %dup/vec4;
    %pushi/vec4 2, 0, 3;
    %cmp/u;
    %jmp/1 T_2.2, 6;
    %pushi/vec4 0, 0, 3;
    %store/vec4 v0x564cf63ccb20_0, 0, 3;
    %jmp T_2.4;
T_2.0 ;
    %load/vec4 v0x564cf63cd030_0;
    %flag_set/vec4 8;
    %jmp/0xz  T_2.5, 8;
    %pushi/vec4 1, 0, 3;
    %store/vec4 v0x564cf63ccb20_0, 0, 3;
    %jmp T_2.6;
T_2.5 ;
    %load/vec4 v0x564cf63cd030_0;
    %load/vec4 v0x564cf6396b20_0;
    %pad/u 32;
    %pushi/vec4 0, 0, 32;
    %cmp/e;
    %flag_get/vec4 4;
    %and;
    %load/vec4 v0x564cf6396bc0_0;
    %pad/u 32;
    %pushi/vec4 0, 0, 32;
    %cmp/e;
    %flag_get/vec4 4;
    %and;
    %flag_set/vec4 8;
    %jmp/0xz  T_2.7, 8;
    %pushi/vec4 4, 0, 3;
    %store/vec4 v0x564cf63ccb20_0, 0, 3;
    %jmp T_2.8;
T_2.7 ;
    %pushi/vec4 0, 0, 3;
    %store/vec4 v0x564cf63ccb20_0, 0, 3;
T_2.8 ;
T_2.6 ;
    %jmp T_2.4;
T_2.1 ;
    %load/vec4 v0x564cf63948d0_0;
    %pad/u 32;
    %cmpi/e 5, 0, 32;
    %flag_mov 8, 4;
    %jmp/0 T_2.9, 8;
    %pushi/vec4 2, 0, 3;
    %jmp/1 T_2.10, 8;
T_2.9 ; End of true expr.
    %pushi/vec4 1, 0, 3;
    %jmp/0 T_2.10, 8;
 ; End of false expr.
    %blend;
T_2.10;
    %store/vec4 v0x564cf63ccb20_0, 0, 3;
    %jmp T_2.4;
T_2.2 ;
    %load/vec4 v0x564cf6396b20_0;
    %pad/u 32;
    %pushi/vec4 0, 0, 32;
    %cmp/e;
    %flag_get/vec4 4;
    %load/vec4 v0x564cf63948d0_0;
    %pad/u 32;
    %pushi/vec4 0, 0, 32;
    %cmp/e;
    %flag_get/vec4 4;
    %and;
    %flag_set/vec4 8;
    %jmp/0xz  T_2.11, 8;
    %pushi/vec4 0, 0, 3;
    %store/vec4 v0x564cf63ccb20_0, 0, 3;
    %jmp T_2.12;
T_2.11 ;
    %load/vec4 v0x564cf63948d0_0;
    %pad/u 32;
    %cmpi/e 0, 0, 32;
    %jmp/0xz  T_2.13, 4;
    %pushi/vec4 1, 0, 3;
    %store/vec4 v0x564cf63ccb20_0, 0, 3;
    %jmp T_2.14;
T_2.13 ;
    %pushi/vec4 2, 0, 3;
    %store/vec4 v0x564cf63ccb20_0, 0, 3;
T_2.14 ;
T_2.12 ;
    %jmp T_2.4;
T_2.4 ;
    %pop/vec4 1;
    %jmp T_2;
    .thread T_2, $push;
    .scope S_0x564cf636b1b0;
T_3 ;
    %wait E_0x564cf63a0c40;
    %load/vec4 v0x564cf63ccf70_0;
    %nor/r;
    %flag_set/vec4 8;
    %jmp/0xz  T_3.0, 8;
    %pushi/vec4 0, 0, 5;
    %split/vec4 1;
    %assign/vec4 v0x564cf63cc740_0, 0;
    %split/vec4 1;
    %assign/vec4 v0x564cf63cc8c0_0, 0;
    %split/vec4 1;
    %assign/vec4 v0x564cf63ccc00_0, 0;
    %split/vec4 1;
    %assign/vec4 v0x564cf63cd1b0_0, 0;
    %assign/vec4 v0x564cf63cc800_0, 0;
    %jmp T_3.1;
T_3.0 ;
    %pushi/vec4 0, 0, 5;
    %split/vec4 1;
    %assign/vec4 v0x564cf63cc740_0, 0;
    %split/vec4 1;
    %assign/vec4 v0x564cf63cc8c0_0, 0;
    %split/vec4 1;
    %assign/vec4 v0x564cf63ccc00_0, 0;
    %split/vec4 1;
    %assign/vec4 v0x564cf63cd1b0_0, 0;
    %assign/vec4 v0x564cf63cc800_0, 0;
    %load/vec4 v0x564cf63ccb20_0;
    %dup/vec4;
    %pushi/vec4 0, 0, 3;
    %cmp/u;
    %jmp/1 T_3.2, 6;
    %dup/vec4;
    %pushi/vec4 1, 0, 3;
    %cmp/u;
    %jmp/1 T_3.3, 6;
    %dup/vec4;
    %pushi/vec4 2, 0, 3;
    %cmp/u;
    %jmp/1 T_3.4, 6;
    %dup/vec4;
    %pushi/vec4 4, 0, 3;
    %cmp/u;
    %jmp/1 T_3.5, 6;
    %pushi/vec4 0, 0, 5;
    %split/vec4 1;
    %assign/vec4 v0x564cf63cc740_0, 0;
    %split/vec4 1;
    %assign/vec4 v0x564cf63cc8c0_0, 0;
    %split/vec4 1;
    %assign/vec4 v0x564cf63ccc00_0, 0;
    %split/vec4 1;
    %assign/vec4 v0x564cf63cd1b0_0, 0;
    %assign/vec4 v0x564cf63cc800_0, 0;
    %jmp T_3.7;
T_3.2 ;
    %pushi/vec4 0, 0, 5;
    %split/vec4 1;
    %assign/vec4 v0x564cf63cc740_0, 0;
    %split/vec4 1;
    %assign/vec4 v0x564cf63cc8c0_0, 0;
    %split/vec4 1;
    %assign/vec4 v0x564cf63ccc00_0, 0;
    %split/vec4 1;
    %assign/vec4 v0x564cf63cd1b0_0, 0;
    %assign/vec4 v0x564cf63cc800_0, 0;
    %jmp T_3.7;
T_3.3 ;
    %pushi/vec4 6, 0, 3;
    %split/vec4 1;
    %assign/vec4 v0x564cf63cc740_0, 0;
    %split/vec4 1;
    %assign/vec4 v0x564cf63cd1b0_0, 0;
    %assign/vec4 v0x564cf63cc800_0, 0;
    %load/vec4 v0x564cf63948d0_0;
    %pad/u 32;
    %cmpi/u 4, 0, 32;
    %flag_mov 8, 5;
    %jmp/0 T_3.8, 8;
    %pushi/vec4 0, 0, 2;
    %jmp/1 T_3.9, 8;
T_3.8 ; End of true expr.
    %pushi/vec4 1, 0, 2;
    %jmp/0 T_3.9, 8;
 ; End of false expr.
    %blend;
T_3.9;
    %pad/s 1;
    %assign/vec4 v0x564cf63ccc00_0, 0;
    %load/vec4 v0x564cf63948d0_0;
    %pad/u 32;
    %pushi/vec4 4, 0, 32;
    %cmp/e;
    %flag_get/vec4 4;
    %load/vec4 v0x564cf6396b20_0;
    %pad/u 32;
    %pushi/vec4 0, 0, 32;
    %cmp/e;
    %flag_get/vec4 4;
    %and;
    %flag_set/vec4 8;
    %jmp/0 T_3.10, 8;
    %pushi/vec4 1, 0, 2;
    %jmp/1 T_3.11, 8;
T_3.10 ; End of true expr.
    %pushi/vec4 0, 0, 2;
    %jmp/0 T_3.11, 8;
 ; End of false expr.
    %blend;
T_3.11;
    %pad/s 1;
    %assign/vec4 v0x564cf63cc8c0_0, 0;
    %jmp T_3.7;
T_3.4 ;
    %pushi/vec4 10, 0, 4;
    %split/vec4 1;
    %assign/vec4 v0x564cf63cc740_0, 0;
    %split/vec4 1;
    %assign/vec4 v0x564cf63ccc00_0, 0;
    %split/vec4 1;
    %assign/vec4 v0x564cf63cd1b0_0, 0;
    %assign/vec4 v0x564cf63cc800_0, 0;
    %load/vec4 v0x564cf6396b20_0;
    %pad/u 32;
    %cmpi/e 0, 0, 32;
    %flag_mov 8, 4;
    %jmp/0 T_3.12, 8;
    %pushi/vec4 1, 0, 2;
    %jmp/1 T_3.13, 8;
T_3.12 ; End of true expr.
    %pushi/vec4 0, 0, 2;
    %jmp/0 T_3.13, 8;
 ; End of false expr.
    %blend;
T_3.13;
    %pad/s 1;
    %assign/vec4 v0x564cf63cc8c0_0, 0;
    %jmp T_3.7;
T_3.5 ;
    %pushi/vec4 1, 0, 5;
    %split/vec4 1;
    %assign/vec4 v0x564cf63cc740_0, 0;
    %split/vec4 1;
    %assign/vec4 v0x564cf63cc8c0_0, 0;
    %split/vec4 1;
    %assign/vec4 v0x564cf63ccc00_0, 0;
    %split/vec4 1;
    %assign/vec4 v0x564cf63cd1b0_0, 0;
    %assign/vec4 v0x564cf63cc800_0, 0;
    %jmp T_3.7;
T_3.7 ;
    %pop/vec4 1;
T_3.1 ;
    %jmp T_3;
    .thread T_3;
    .scope S_0x564cf636b1b0;
T_4 ;
    %wait E_0x564cf63a0c40;
    %load/vec4 v0x564cf63ccf70_0;
    %nor/r;
    %flag_set/vec4 8;
    %jmp/0xz  T_4.0, 8;
    %pushi/vec4 0, 0, 6;
    %assign/vec4 v0x564cf63948d0_0, 0;
    %pushi/vec4 0, 0, 5;
    %assign/vec4 v0x564cf6396b20_0, 0;
    %pushi/vec4 0, 0, 9;
    %assign/vec4 v0x564cf6396bc0_0, 0;
    %jmp T_4.1;
T_4.0 ;
    %load/vec4 v0x564cf63ccb20_0;
    %cmpi/e 0, 0, 3;
    %jmp/0xz  T_4.2, 4;
    %pushi/vec4 0, 0, 6;
    %assign/vec4 v0x564cf63948d0_0, 0;
    %jmp T_4.3;
T_4.2 ;
    %load/vec4 v0x564cf63948d0_0;
    %pad/u 32;
    %cmpi/e 19, 0, 32;
    %jmp/0xz  T_4.4, 4;
    %pushi/vec4 0, 0, 6;
    %assign/vec4 v0x564cf63948d0_0, 0;
    %jmp T_4.5;
T_4.4 ;
    %load/vec4 v0x564cf63948d0_0;
    %addi 1, 0, 6;
    %assign/vec4 v0x564cf63948d0_0, 0;
T_4.5 ;
    %load/vec4 v0x564cf63948d0_0;
    %pad/u 32;
    %cmpi/e 0, 0, 32;
    %jmp/0xz  T_4.6, 4;
    %load/vec4 v0x564cf6396b20_0;
    %pad/u 32;
    %load/vec4 v0x564cf63904b0_0;
    %pad/u 32;
    %subi 1, 0, 32;
    %cmp/e;
    %jmp/0xz  T_4.8, 4;
    %pushi/vec4 0, 0, 5;
    %assign/vec4 v0x564cf6396b20_0, 0;
    %jmp T_4.9;
T_4.8 ;
    %load/vec4 v0x564cf6396b20_0;
    %addi 1, 0, 5;
    %assign/vec4 v0x564cf6396b20_0, 0;
T_4.9 ;
    %load/vec4 v0x564cf6396b20_0;
    %pad/u 32;
    %cmpi/e 0, 0, 32;
    %jmp/0xz  T_4.10, 4;
    %load/vec4 v0x564cf6396bc0_0;
    %pad/u 32;
    %load/vec4 v0x564cf63cc580_0;
    %pad/u 32;
    %muli 15, 0, 32;
    %subi 1, 0, 32;
    %cmp/e;
    %jmp/0xz  T_4.12, 4;
    %pushi/vec4 0, 0, 9;
    %assign/vec4 v0x564cf6396bc0_0, 0;
    %jmp T_4.13;
T_4.12 ;
    %load/vec4 v0x564cf6396bc0_0;
    %addi 1, 0, 9;
    %assign/vec4 v0x564cf6396bc0_0, 0;
T_4.13 ;
    %jmp T_4.11;
T_4.10 ;
    %load/vec4 v0x564cf6396bc0_0;
    %assign/vec4 v0x564cf6396bc0_0, 0;
T_4.11 ;
    %jmp T_4.7;
T_4.6 ;
    %load/vec4 v0x564cf6396b20_0;
    %assign/vec4 v0x564cf6396b20_0, 0;
T_4.7 ;
T_4.3 ;
T_4.1 ;
    %jmp T_4;
    .thread T_4;
    .scope S_0x564cf636b1b0;
T_5 ;
    %wait E_0x564cf63a0c40;
    %load/vec4 v0x564cf63ccf70_0;
    %nor/r;
    %flag_set/vec4 8;
    %jmp/0xz  T_5.0, 8;
    %pushi/vec4 0, 0, 1;
    %assign/vec4 v0x564cf63cceb0_0, 0;
    %pushi/vec4 0, 0, 1;
    %ix/load 4, 2, 0;
    %ix/load 5, 0, 0;
    %flag_set/imm 4, 0;
    %assign/vec4/off/d v0x564cf63cccc0_0, 4, 5;
    %pushi/vec4 0, 0, 1;
    %ix/load 4, 1, 0;
    %ix/load 5, 0, 0;
    %flag_set/imm 4, 0;
    %assign/vec4/off/d v0x564cf63cccc0_0, 4, 5;
    %pushi/vec4 0, 0, 1;
    %ix/load 4, 0, 0;
    %ix/load 5, 0, 0;
    %flag_set/imm 4, 0;
    %assign/vec4/off/d v0x564cf63cccc0_0, 4, 5;
    %pushi/vec4 0, 0, 1;
    %assign/vec4 v0x564cf63cca60_0, 0;
    %pushi/vec4 0, 0, 1;
    %ix/load 4, 2, 0;
    %ix/load 5, 0, 0;
    %flag_set/imm 4, 0;
    %assign/vec4/off/d v0x564cf63cc980_0, 4, 5;
    %pushi/vec4 0, 0, 1;
    %ix/load 4, 1, 0;
    %ix/load 5, 0, 0;
    %flag_set/imm 4, 0;
    %assign/vec4/off/d v0x564cf63cc980_0, 4, 5;
    %pushi/vec4 0, 0, 1;
    %ix/load 4, 0, 0;
    %ix/load 5, 0, 0;
    %flag_set/imm 4, 0;
    %assign/vec4/off/d v0x564cf63cc980_0, 4, 5;
    %jmp T_5.1;
T_5.0 ;
    %load/vec4 v0x564cf63cccc0_0;
    %parti/s 1, 2, 3;
    %assign/vec4 v0x564cf63cceb0_0, 0;
    %load/vec4 v0x564cf63cccc0_0;
    %parti/s 1, 1, 2;
    %ix/load 4, 2, 0;
    %ix/load 5, 0, 0;
    %flag_set/imm 4, 0;
    %assign/vec4/off/d v0x564cf63cccc0_0, 4, 5;
    %load/vec4 v0x564cf63cccc0_0;
    %parti/s 1, 0, 2;
    %ix/load 4, 1, 0;
    %ix/load 5, 0, 0;
    %flag_set/imm 4, 0;
    %assign/vec4/off/d v0x564cf63cccc0_0, 4, 5;
    %load/vec4 v0x564cf63ccc00_0;
    %ix/load 4, 0, 0;
    %ix/load 5, 0, 0;
    %flag_set/imm 4, 0;
    %assign/vec4/off/d v0x564cf63cccc0_0, 4, 5;
    %load/vec4 v0x564cf63cc980_0;
    %parti/s 1, 2, 3;
    %assign/vec4 v0x564cf63cca60_0, 0;
    %load/vec4 v0x564cf63cc980_0;
    %parti/s 1, 1, 2;
    %ix/load 4, 2, 0;
    %ix/load 5, 0, 0;
    %flag_set/imm 4, 0;
    %assign/vec4/off/d v0x564cf63cc980_0, 4, 5;
    %load/vec4 v0x564cf63cc980_0;
    %parti/s 1, 0, 2;
    %ix/load 4, 1, 0;
    %ix/load 5, 0, 0;
    %flag_set/imm 4, 0;
    %assign/vec4/off/d v0x564cf63cc980_0, 4, 5;
    %load/vec4 v0x564cf63cc8c0_0;
    %ix/load 4, 0, 0;
    %ix/load 5, 0, 0;
    %flag_set/imm 4, 0;
    %assign/vec4/off/d v0x564cf63cc980_0, 4, 5;
T_5.1 ;
    %jmp T_5;
    .thread T_5;
# The file index is used to find the file name in the following table.
:file_names 3;
    "N/A";
    "<interactive>";
    "PE_FSM.v";
